c:\users\maria\desktop\universidad\tercero\segundo cuatri\pap\lab\practica\pap_air\pl1_cuda\x64\debug\vc142.pdb
c:\users\maria\desktop\universidad\tercero\segundo cuatri\pap\lab\practica\pap_air\pl1_cuda\x64\debug\vc142.idb
c:\users\maria\desktop\universidad\tercero\segundo cuatri\pap\lab\practica\pap_air\pl1_cuda\x64\debug\csv_reader.obj
c:\users\maria\desktop\universidad\tercero\segundo cuatri\pap\lab\practica\pap_air\pl1_cuda\x64\debug\kernels.cu.obj
c:\users\maria\desktop\universidad\tercero\segundo cuatri\pap\lab\practica\pap_air\pl1_cuda\x64\debug\main.cu.obj
c:\users\maria\desktop\universidad\tercero\segundo cuatri\pap\lab\practica\pap_air\pl1_cuda\x64\debug\pl1_cuda.exe
c:\users\maria\desktop\universidad\tercero\segundo cuatri\pap\lab\practica\pap_air\pl1_cuda\x64\debug\pl1_cuda.ilk
c:\users\maria\desktop\universidad\tercero\segundo cuatri\pap\lab\practica\pap_air\pl1_cuda\x64\debug\pl1_cuda.pdb
c:\users\maria\desktop\universidad\´tercero\segundo cuatri\pap\lab\practica\pap_air\pl1_cuda\x64\debug\pl1_cuda.lib
c:\users\maria\desktop\universidad\´tercero\segundo cuatri\pap\lab\practica\pap_air\pl1_cuda\x64\debug\pl1_cuda.exp
c:\users\maria\desktop\universidad\tercero\segundo cuatri\pap\lab\practica\pap_air\pl1_cuda\x64\debug\pl1_cuda.lib
c:\users\maria\desktop\universidad\tercero\segundo cuatri\pap\lab\practica\pap_air\pl1_cuda\x64\debug\pl1_cuda.exp
c:\users\maria\desktop\universidad\tercero\segundo cuatri\pap\lab\practica\pap_air\pl1_cuda\x64\debug\kernel.cu.cache
c:\users\maria\desktop\universidad\tercero\segundo cuatri\pap\lab\practica\pap_air\pl1_cuda\x64\debug\kernels.cu.cache
c:\users\maria\desktop\universidad\tercero\segundo cuatri\pap\lab\practica\pap_air\pl1_cuda\x64\debug\main.cu.cache
c:\users\maria\desktop\universidad\tercero\segundo cuatri\pap\lab\practica\pap_air\pl1_cuda\x64\debug\kernel.cu.obj
c:\users\maria\desktop\universidad\tercero\segundo cuatri\pap\lab\practica\pap_air\pl1_cuda\x64\debug\pl1_cuda.tlog\cl.command.1.tlog
c:\users\maria\desktop\universidad\tercero\segundo cuatri\pap\lab\practica\pap_air\pl1_cuda\x64\debug\pl1_cuda.tlog\cl.read.1.tlog
c:\users\maria\desktop\universidad\tercero\segundo cuatri\pap\lab\practica\pap_air\pl1_cuda\x64\debug\pl1_cuda.tlog\cl.write.1.tlog
c:\users\maria\desktop\universidad\tercero\segundo cuatri\pap\lab\practica\pap_air\pl1_cuda\x64\debug\pl1_cuda.tlog\cudacompile.read.1u.tlog
c:\users\maria\desktop\universidad\tercero\segundo cuatri\pap\lab\practica\pap_air\pl1_cuda\x64\debug\pl1_cuda.tlog\cudacompile.write.1u.tlog
c:\users\maria\desktop\universidad\tercero\segundo cuatri\pap\lab\practica\pap_air\pl1_cuda\x64\debug\pl1_cuda.tlog\link.command.1.tlog
c:\users\maria\desktop\universidad\tercero\segundo cuatri\pap\lab\practica\pap_air\pl1_cuda\x64\debug\pl1_cuda.tlog\link.read.1.tlog
c:\users\maria\desktop\universidad\tercero\segundo cuatri\pap\lab\practica\pap_air\pl1_cuda\x64\debug\pl1_cuda.tlog\link.write.1.tlog
c:\users\maria\desktop\universidad\tercero\segundo cuatri\pap\lab\practica\pap_air\pl1_cuda\x64\debug\pl1_cuda.tlog\pl1_cuda.write.1u.tlog
